http://www.geodruid.com/intl/en/brands/6931:betty-barclay/DE:germany
urls>>>>>>>>>>> http://www.geodruid.com/intl/en/place/5903374-betty-barclay-bekleidungsgeschaft-regensburg-deutschland
BusinesName  BETTY BARCLAY
[u'BETTY BARCLAY', u'BETTY BARCLAY', u'WEICHSER WEG 5', u'REGENSBURG', u'BAYERN', u'93059', u'DEUTSCHLAND', '', u'49.02647', u'12.11827', u'WEICHSER WEG 5REGENSBURG93059BAYERN', 'http://www.geodruid.com/intl/en/place/5903374-betty-barclay-bekleidungsgeschaft-regensburg-deutschland'] 12
urls>>>>>>>>>>> http://www.geodruid.com/intl/en/place/1833528-betty-barclay-bekleidungsgeschaft-koblenz-deutschland
BusinesName  BETTY BARCLAY
[u'BETTY BARCLAY', u'BETTY BARCLAY', u'HOHENFELDER STRASSE 22', u'KOBLENZ', u'RHEINLAND-PFALZ', u'56068', u'DEUTSCHLAND', u'+49 (0)261-91465518', u'50.3587', u'7.5917', u'HOHENFELDER STRASSE 22KOBLENZ56068RHEINLAND-PFALZ', 'http://www.geodruid.com/intl/en/place/1833528-betty-barclay-bekleidungsgeschaft-koblenz-deutschland'] 12
urls>>>>>>>>>>> http://www.geodruid.com/intl/en/place/2028103-betty-barclay-bekleidungsgeschaft-koln-deutschland
BusinesName  BETTY BARCLAY
[u'BETTY BARCLAY', u'BETTY BARCLAY', u'SCHILDERGASSE 94', u'K\xd6LN', u'NORDRHEIN-WESTFALEN', u'50667', u'DEUTSCHLAND', u'+49 (0)221-2725474', u'50.93652', u'6.95125', u'SCHILDERGASSE 94K\xd6LN50667NORDRHEIN-WESTFALEN', 'http://www.geodruid.com/intl/en/place/2028103-betty-barclay-bekleidungsgeschaft-koln-deutschland'] 12
urls>>>>>>>>>>> http://www.geodruid.com/intl/en/place/5924071-betty-barclay-bekleidungsgeschaft-koln-deutschland
BusinesName  BETTY BARCLAY
[u'BETTY BARCLAY', u'BETTY BARCLAY', u'AN DER ALTEN POST', u'K\xd6LN', u'NORDRHEIN-WESTFALEN', u'50859', u'DEUTSCHLAND', u'+49 (0)2234-2005292', u'50.93789', u'6.83359', u'AN DER ALTEN POSTK\xd6LN50859NORDRHEIN-WESTFALEN', 'http://www.geodruid.com/intl/en/place/5924071-betty-barclay-bekleidungsgeschaft-koln-deutschland'] 12
urls>>>>>>>>>>> http://www.geodruid.com/intl/en/place/1958234-betty-barclay-bekleidungsgeschaft-schwerin-deutschland
BusinesName  BETTY BARCLAY
[u'BETTY BARCLAY', u'BETTY BARCLAY', u'MARIENPLATZ 5', u'SCHWERIN', u'MECKLENBURG-VORPOMMERN', u'19053', u'DEUTSCHLAND', u'+49 (0)385-5936699', u'53.62792', u'11.4108', u'MARIENPLATZ 5SCHWERIN19053MECKLENBURG-VORPOMMERN', 'http://www.geodruid.com/intl/en/place/1958234-betty-barclay-bekleidungsgeschaft-schwerin-deutschland'] 12
urls>>>>>>>>>>> http://www.geodruid.com/intl/en/place/5917156-betty-barclay-bekleidungsgeschaft-wildau-deutschland
BusinesName  BETTY BARCLAY
[u'BETTY BARCLAY', u'BETTY BARCLAY', u'CHAUSSEESTRASSE 1', u'WILDAU', u'BRANDENBURG', u'15745', u'DEUTSCHLAND', '', u'52.31206', u'13.60689', u'CHAUSSEESTRASSE 1WILDAU15745BRANDENBURG', 'http://www.geodruid.com/intl/en/place/5917156-betty-barclay-bekleidungsgeschaft-wildau-deutschland'] 12
urls>>>>>>>>>>> http://www.geodruid.com/intl/en/place/1789557-betty-barclay-bekleidungsgeschaft-arnstorf-deutschland
BusinesName  BETTY BARCLAY
[u'BETTY BARCLAY', u'BETTY BARCLAY', u'MARIAKIRCHENER STRASSE 32', u'ARNSTORF', u'BAYERN', u'94424', u'DEUTSCHLAND', u'+49 (0)8723-9700165', u'48.56433', u'12.82408', u'MARIAKIRCHENER STRASSE 32ARNSTORF94424BAYERN', 'http://www.geodruid.com/intl/en/place/1789557-betty-barclay-bekleidungsgeschaft-arnstorf-deutschland'] 12
urls>>>>>>>>>>> http://www.geodruid.com/intl/en/place/5916926-betty-barclay-bekleidungsgeschaft-leuna-deutschland
BusinesName  BETTY BARCLAY
[u'BETTY BARCLAY', u'BETTY BARCLAY', u'MERSEBURGER LANDSTRASSE 17', u'LEUNA', u'SACHSEN-ANHALT', u'06237', u'DEUTSCHLAND', u'+49 (0)34638-39770', u'51.34626', u'12.17782', u'MERSEBURGER LANDSTRASSE 17LEUNA06237SACHSEN-ANHALT', 'http://www.geodruid.com/intl/en/place/5916926-betty-barclay-bekleidungsgeschaft-leuna-deutschland'] 12
urls>>>>>>>>>>> http://www.geodruid.com/intl/en/place/1871153-betty-barclay-bekleidungsgeschaft-mulheim-an-der-ruhr-deutschland
BusinesName  BETTY BARCLAY
[u'BETTY BARCLAY', u'BETTY BARCLAY', u'HUMBOLDTRING 5', u'M\xdcLHEIM AN DER RUHR', u'NORDRHEIN-WESTFALEN', u'45472', u'DEUTSCHLAND', u'+49 (0)208-7825627', u'51.43933', u'6.95406', u'HUMBOLDTRING 5M\xdcLHEIM AN DER RUHR45472NORDRHEIN-WESTFALEN', 'http://www.geodruid.com/intl/en/place/1871153-betty-barclay-bekleidungsgeschaft-mulheim-an-der-ruhr-deutschland'] 12
urls>>>>>>>>>>> http://www.geodruid.com/intl/en/place/5924007-betty-barclay-bekleidungsgeschaft-dusseldorf-deutschland
BusinesName  BETTY betty-barclayAY
[u'BETTY BARCLAY', u'BETTY BARCLAY', u'FRIEDRICHSTRASSE 133', u'D\xdcSSELDORF', u'NORDRHEIN-WESTFALEN', u'40217', u'DEUTSCHLAND', u'+49 (0)211-2910818', u'51.20927', u'6.77625', u'FRIEDRICHSTRASSE 133D\xdcSSELDORF40217NORDRHEIN-WESTFALEN', 'http://www.geodruid.com/intl/en/place/5924007-betty-barclay-bekleidungsgeschaft-dusseldorf-deutschland'] 12
urls>>>>>>>>>>> http://www.geodruid.com/intl/en/place/2000357-betty-barclay-bekleidungsgeschaft-konstanz-deutschland
BusinesName  BETTY BARCLAY
[u'BETTY BARCLAY', u'BETTY BARCLAY', u'WESSENBERGSTRASSE 29', u'KONSTANZ', u'BADEN-W\xdcRTTEMBERG', u'78462', u'DEUTSCHLAND', u'+49 (0)7531-29429', u'47.66207', u'9.17465', u'WESSENBERGSTRASSE 29KONSTANZ78462BADEN-W\xdcRTTEMBERG', 'http://www.geodruid.com/intl/en/place/2000357-betty-barclay-bekleidungsgeschaft-konstanz-deutschland'] 12
urls>>>>>>>>>>> http://www.geodruid.com/intl/en/place/5917129-betty-barclay-bekleidungsgeschaft-berlin-deutschland
BusinesName  BETTY BARCLAY
[u'BETTY BARCLAY', u'BETTY BARCLAY', u'KLOSTERSTRASSE 3', u'BERLIN', u'BERLIN', u'13581', u'DEUTSCHLAND', u'+49 (0)30-35104400', u'52.53332', u'13.19852', u'KLOSTERSTRASSE 3BERLIN13581BERLIN', 'http://www.geodruid.com/intl/en/place/5917129-betty-barclay-bekleidungsgeschaft-berlin-deutschland'] 12
urls>>>>>>>>>>> http://www.geodruid.com/intl/en/place/1789517-betty-barclay-bekleidungsgeschaft-hallstadt-deutschland
BusinesName  BETTY BARCLAY
[u'BETTY BARCLAY', u'BETTY BARCLAY', u'EMIL-KEMMER-STRASSE 19', u'HALLSTADT', u'BAYERN', u'96103', u'DEUTSCHLAND', u'+49 (0)951-9644830', u'49.91719', u'10.8713', u'EMIL-KEMMER-STRASSE 19HALLSTADT96103BAYERN', 'http://www.geodruid.com/intl/en/place/1789517-betty-barclay-bekleidungsgeschaft-hallstadt-deutschland'] 12
urls>>>>>>>>>>> http://www.geodruid.com/intl/en/place/1789606-betty-barclay-bekleidungsgeschaft-regensburg-deutschland
BusinesName  BETTY BARCLAY
[u'BETTY BARCLAY', u'BETTY BARCLAY', u'UNTERE BACHGASSE 12', u'REGENSBURG', u'BAYERN', u'93047', u'DEUTSCHLAND', u'+49 (0)941-567729', u'49.01864', u'12.09485', u'UNTERE BACHGASSE 12REGENSBURG93047BAYERN', 'http://www.geodruid.com/intl/en/place/1789606-betty-barclay-bekleidungsgeschaft-regensburg-deutschland'] 12
urls>>>>>>>>>>> http://www.geodruid.com/intl/en/place/1764966-betty-barclay-bekleidungsgeschaft-munchen-deutschland
BusinesName  BETTY BARCLAY
[u'BETTY BARCLAY', u'BETTY BARCLAY', u'OLLENHAUERSTRASSE 6', u'M\xdcNCHEN', u'BAYERN', u'81737', u'DEUTSCHLAND', u'+49 (0)89-67371824', u'48.10068', u'11.64325', u'OLLENHAUERSTRASSE 6M\xdcNCHEN81737BAYERN', 'http://www.geodruid.com/intl/en/place/1764966-betty-barclay-bekleidungsgeschaft-munchen-deutschland'] 12
urls>>>>>>>>>>> http://www.geodruid.com/intl/en/place/5907476-betty-barclay-bekleidungsgeschaft-viernheim-deutschland
BusinesName  BETTY BARCLAY
[u'BETTY BARCLAY', u'BETTY BARCLAY', u'ROBERT-SCHUMAN-STRASSE 8', u'VIERNHEIM', u'HESSEN', u'68519', u'DEUTSCHLAND', '', u'49.52792', u'8.56641', u'ROBERT-SCHUMAN-STRASSE 8VIERNHEIM68519HESSEN', 'http://www.geodruid.com/intl/en/place/5907476-betty-barclay-bekleidungsgeschaft-viernheim-deutschland'] 12
urls>>>>>>>>>>> http://www.geodruid.com/intl/en/place/1833531-betty-barclay-bekleidungsgeschaft-wiesbaden-deutschland
BusinesName  BETTY BARCLAY
[u'BETTY BARCLAY', u'BETTY BARCLAY', u'KIRCHGASSE 6', u'WIESBADEN', u'HESSEN', u'65185', u'DEUTSCHLAND', u'+49 (0)611-1666344', u'50.07876', u'8.23816', u'KIRCHGASSE 6WIESBADEN65185HESSEN', 'http://www.geodruid.com/intl/en/place/1833531-betty-barclay-bekleidungsgeschaft-wiesbaden-deutschland'] 12
urls>>>>>>>>>>> http://www.geodruid.com/intl/en/place/1833493-betty-barclay-bekleidungsgeschaft-landau-in-der-pfalz-deutschland
BusinesName  BETTY BARCLAY
[u'BETTY BARCLAY', u'BETTY BARCLAY', u'GERBERSTRASSE 36', u'LANDAU IN DER PFALZ', u'RHEINLAND-PFALZ', u'76829', u'DEUTSCHLAND', u'+49 (0)6341-2830041', u'49.19749', u'8.11463', u'GERBERSTRASSE 36LANDAU IN DER PFALZ76829RHEINLAND-PFALZ', 'http://www.geodruid.com/intl/en/place/1833493-betty-barclay-bekleidungsgeschaft-landau-in-der-pfalz-deutschland'] 12
urls>>>>>>>>>>> http://www.geodruid.com/intl/en/place/1833508-betty-barclay-bekleidungsgeschaft-wetzlar-deutschland
BusinesName  BETTY BARCLAY
[u'BETTY BARCLAY', u'BETTY BARCLAY', u'LANGGASSE 58', u'WETZLAR', u'HESSEN', u'35576', u'DEUTSCHLAND', '', u'50.55789', u'8.49798', u'LANGGASSE 58WETZLAR35576HESSEN', 'http://www.geodruid.com/intl/en/place/1833508-betty-barclay-bekleidungsgeschaft-wetzlar-deutschland'] 12
urls>>>>>>>>>>> http://www.geodruid.com/intl/en/place/1789529-betty-barclay-bekleidungsgeschaft-amberg-deutschland
BusinesName  BETTY BARCLAY
[u'BETTY BARCLAY', u'BETTY BARCLAY', u'GEORGENSTRASSE 2', u'AMBERG', u'BAYERN', u'92224', u'DEUTSCHLAND', '', u'49.44528', u'11.85739', u'GEORGENSTRASSE 2AMBERG92224BAYERN', 'http://www.geodruid.com/intl/en/place/1789529-betty-barclay-bekleidungsgeschaft-amberg-deutschland'] 12
urls>>>>>>>>>>> http://www.geodruid.com/intl/en/place/1958293-betty-barclay-bekleidungsgeschaft-berlin-deutschland
BusinesName  BETTY BARCLAY
[u'BETTY BARCLAY', u'BETTY BARCLAY', u'GRUNERSTRASSE 20', u'BERLIN', u'BERLIN', u'10179', u'DEUTSCHLAND', u'+49 (0)30-24085298', u'52.52023', u'13.41472', u'GRUNERSTRASSE 20BERLIN10179BERLIN', 'http://www.geodruid.com/intl/en/place/1958293-betty-barclay-bekleidungsgeschaft-berlin-deutschland'] 12
urls>>>>>>>>>>> http://www.geodruid.com/intl/en/place/2000415-betty-barclay-bekleidungsgeschaft-nussloch-deutschland
BusinesName  BETTY BARCLAY
[u'BETTY BARCLAY', u'BETTY BARCLAY', u'HEIDELBERGER STRASSE 9', u'NUSSLOCH', u'BADEN-W\xdcRTTEMBERG', u'69226', u'DEUTSCHLAND', u'+49 (0)6224-9000', u'49.32946', u'8.68361', u'HEIDELBERGER STRASSE 9NUSSLOCH69226BADEN-W\xdcRTTEMBERG', 'http://www.geodruid.com/intl/en/place/2000415-betty-barclay-bekleidungsgeschaft-nussloch-deutschland'] 12
urls>>>>>>>>>>> http://www.geodruid.com/intl/en/place/1869950-betty-barclay-bekleidungsgeschaft-dortmund-deutschland
BusinesName  BETTY BARCLAY
[u'BETTY BARCLAY', u'BETTY BARCLAY', u'WESTENHELLWEG 102', u'DORTMUND', u'NORDRHEIN-WESTFALEN', u'44137', u'DEUTSCHLAND', u'+49 (0)231-95290777', u'51.51411', u'7.45893', u'WESTENHELLWEG 102DORTMUND44137NORDRHEIN-WESTFALEN', 'http://www.geodruid.com/intl/en/place/1869950-betty-barclay-bekleidungsgeschaft-dortmund-deutschland'] 12
urls>>>>>>>>>>> http://www.geodruid.com/intl/en/place/1829960-betty-barclay-bekleidungsgeschaft-sulzbach-taunus--deutschland
BusinesName  BETTY BARCLAY
[u'BETTY BARCLAY', u'BETTY BARCLAY', u'BERLINER STRASSE 134', u'SULZBACH (TAUNUS)', u'HESSEN', u'65843', u'DEUTSCHLAND', u'+49 (0)69-30852699', u'50.11933', u'8.52611', u'BERLINER STRASSE 134SULZBACH (TAUNUS)65843HESSEN', 'http://www.geodruid.com/intl/en/place/1829960-betty-barclay-bekleidungsgeschaft-sulzbach-taunus--deutschland'] 12
urls>>>>>>>>>>> http://www.geodruid.com/intl/en/place/1899687-betty-barclay-bekleidungsgeschaft-hamburg-deutschland
BusinesName  BETTY BARCLAY
[u'BETTY BARCLAY', u'BETTY BARCLAY', u'HEEGBARG 31', u'HAMBURG', u'HAMBURG', u'22391', u'DEUTSCHLAND', u'+49 (0)40-23935404', u'53.65388', u'10.09225', u'HEEGBARG 31HAMBURG22391HAMBURG', 'http://www.geodruid.com/intl/en/place/1899687-betty-barclay-bekleidungsgeschaft-hamburg-deutschland'] 12
urls>>>>>>>>>>> http://www.geodruid.com/intl/en/place/2028154-betty-barclay-bekleidungsgeschaft-neuss-deutschland
BusinesName  BETTY BARCLAY
[u'BETTY BARCLAY', u'BETTY BARCLAY', u'HAMMER LANDSTRASSE 85', u'NEUSS', u'NORDRHEIN-WESTFALEN', u'41460', u'DEUTSCHLAND', u'+49 (0)2131-717590', u'51.20254', u'6.7112', u'HAMMER LANDSTRASSE 85NEUSS41460NORDRHEIN-WESTFALEN', 'http://www.geodruid.com/intl/en/place/2028154-betty-barclay-bekleidungsgeschaft-neuss-deutschland'] 12
urls>>>>>>>>>>> http://www.geodruid.com/intl/en/place/2028173-betty-barclay-bekleidungsgeschaft-duren-deutschland
BusinesName  BETTY BARCLAY
[u'BETTY BARCLAY', u'BETTY BARCLAY', u'WIRTELSTRASSE 32', u'D\xdcREN', u'NORDRHEIN-WESTFALEN', u'52349', u'DEUTSCHLAND', u'+49 (0)2421-4918933', u'50.80401', u'6.48416', u'WIRTELSTRASSE 32D\xdcREN52349NORDRHEIN-WESTFALEN', 'http://www.geodruid.com/intl/en/place/2028173-betty-barclay-bekleidungsgeschaft-duren-deutschland'] 12
urls>>>>>>>>>>> http://www.geodruid.com/intl/en/place/2028122-betty-barclay-bekleidungsgeschaft-leverkusen-deutschland
BusinesName  BETTY BARCLAY
[u'BETTY BARCLAY', u'BETTY BARCLAY', u'FRIEDRICH-EBERT-PLATZ 1', u'LEVERKUSEN', u'NORDRHEIN-WESTFALEN', u'51373', u'DEUTSCHLAND', u'+49 (0)214-2028624', u'51.0328', u'6.98839', u'FRIEDRICH-EBERT-PLATZ 1LEVERKUSEN51373NORDRHEIN-WESTFALEN', 'http://www.geodruid.com/intl/en/place/2028122-betty-barclay-bekleidungsgeschaft-leverkusen-deutschland'] 12
urls>>>>>>>>>>> http://www.geodruid.com/intl/en/place/2000387-betty-barclay-bekleidungsgeschaft-ulm-deutschland
BusinesName  BETTY BARCLAY
[u'BETTY BARCLAY', u'BETTY BARCLAY', u'M\xdcNSTERPLATZ 43', u'ULM', u'BADEN-W\xdcRTTEMBERG', u'89073', u'DEUTSCHLAND', '', u'48.39783', u'9.99083', u'M\xdcNSTERPLATZ 43ULM89073BADEN-W\xdcRTTEMBERG', 'http://www.geodruid.com/intl/en/place/2000387-betty-barclay-bekleidungsgeschaft-ulm-deutschland'] 12
