address>>>> []
address>>>> [u'20700AvalonBlvd.', u'Carson,CA90746', u'405FwyatAvalonNorth', u'Monday-Sunday:', u'10:00am-9:00pm', u'Monday-Sunday:', u'9:30am-9:00pm', u'**WewillnolongerbeservingbreakfastatIKEACarson']
address>>>> [u'1475SouthCoastDr.', u'CostaMesa,CA92626', u'405FwyN.atSusanStreet', u'405FwyS.atHarborBlvd', u'Monday-Saturday:10:00am-9:00pm', u'Sunday:10:00am-8:00pm', u'Monday-Saturday:9:30am-8:30pm', u'Sunday:9:30am-7:30pm']
address>>>> [u'4400ShellmoundSt.', u'Emeryville,CA94608', u'Monday-Saturday:10:00am-9:00pm', u'Sunday:10:00am-8:00pm', u'Monday-Saturday:', u'9:30am-8:30pm', u'Sunday9:30am-7:30pm']
address>>>> [u'1700E.BayshoreRd.', u'EastPaloAlto,CA94303', u'Sunday-Saturday:10:00am-9:00pm', u'Sunday-Saturday:9:30am-8:30pm', u'Monday-Thursday:10:00am-6:00pm', u'Friday:10:00am-7:00pm', u'Saturday:10:00am-8:00pm', u'Sunday:10:00am-7:00pm']
address>>>> [u'2149FentonParkway', u'SanDiego,CA92108', u'10:00am-6:00pm', u'9:30am-5:30pm', u'Monday-Sunday:10:00am-9:00pm', u'Monday-Sunday:9:30am-8:30pm', u'Monday\u2013Thursday:10:00am\u20138:00pm', u'Friday\u2013Saturday:10:00am\u20139:00pm', u'Sunday:10:00am\u20138:00pm']
address>>>> [u'848SouthBarrancaAvenue', u'Covina,CA91723', u'Monday-Sunday:', u'10:00am-9:00pm', u'Monday-Sunday:', u'9:30am-8:30pm', u'Breakfastserveduntil11:00amdaily']
address>>>> [u'600N.SanFernandoBlvd.', u'Burbank,CA91502', u'Monday\u2013Sunday', u'10:00am\u20139:00pm', u'Monday\u2013Sunday', u'9:30am\u20138:30pm', u'Monday\u2013Friday:', u'12:00pm\u20137:00pm', u'Sat.&Sun.', u'11:00am\u20137:00pm']
address>>>> [u'700IKEACourt', u'WestSacramento,CA95605', u'Monday-Saturday:10:00am-9:00pm', u'Sunday:10:00am-9:00pm', u'Monday-Saturday:9:30am-8:30pm', u'Sunday:9:30am-8:30pm', u'Sunday-Tuesday:', u'10am-8pm', u'Wednesday:10am-5:15pm', u'Thursday:10am-8pm', u'Friday-Saturday:10am-9pm']
address>>>> [u'9800E.IKEAWay', u'Centennial,Colorado80112', u'(E.CountyLinetoN.Chester,toE.Otero)', u'Monday-Sunday:', u'10:00am-9:00pm', u'Monday-Sunday:9:30am-8:30pm']
address>>>> [u'1801NW117thAvenue', u'Sweetwater,FL33172', u'NeartheDolphinMall', u'Monday-Sunday:10:00am-10:00pm', u'Monday-Sunday:9:30am-9:30pm', u'September16thourrestaurantwillcloseat2pmtoprepareforourannualCrayfishSm\xf6rg\xe5sbord.']
address>>>> [u'450SargentDrive', u'NewHaven,CT06511', u'Monday-Sunday:10:00amto9:00pm', u'Monday-Sunday:9:30am-8:30pm']
address>>>> [u'151NW136Avenue', u'Sunrise,FL33325', u'Daily10:00am\u20139:00pm', u'Daily9:30am\u20138:30pm', u'Weareawareofvariousapps/geolocatorsthatmayadvisecustomersofanIKEAlocationinCoralSpringsFL;thislocationservesasanadministrativeofficeonly.TheIKEASunrisestoreislocatedintheCityofSunrise.']
address>>>> [u'Monday-Sunday:', u'10:00am-9:00pm', u'Monday-Sunday:', u'9:30am-8:30pm']
address>>>> [u'IKEAinAtlanticStation', u'44116thStreet,NW', u'Atlanta,GA30363', u'(888)888-IKEA', u'Daily:10:00am-9:00pm', u'Daily:9:30am-8:30pm']
address>>>> [u'8000IKEAWay', u'Bloomington,MN55425', u'Monday\u2013Saturday:10:00am-9:00pm', u'Sunday:10:00am-8:00pm', u'Monday-Saturday:9:30am-8:30pm', u'Sunday:9:30am-7:30pm', u'FollowusonTwitter']
address>>>> [u'601SW41stSt.', u'Renton,WA98057', u'Monday-Saturday:10:00am-9:00pm', u'Sunday:10:00am-8:00pm', u'Monday-Saturday:', u'9:00am-8:30pm', u'Sunday:9:00am-7:30pm', u'Monday-Saturday:10:00am-7:45pm', u'Sunday:10:00am-6:45pm', u'*Smalandacceptschildrenupto15minutespriorto', u'Smalandclosing.']
address>>>> [u'2901PotomacMillsCircle', u'Woodbridge,VA22192', u'Sunday:', u'10:00am-8:00pm', u'Monday-Friday:', u'10:00am-9:00pm', u'Saturdays:', u'10:00am-10:00pm', u'Sunday:', u'9:30am-7:30pm', u'Monday-Friday:', u'9:30am-8:30pm', u'Saturdays:', u'10:00am-9:30pm']
address>>>> [u'67WestIKEAWay', u'Draper,UT84020', u'1-15&BangerterHwy', u'Monday-Saturday:10:00am-9:00pm', u'Sunday:10:00am-8:00pm', u'Monday-Saturday:9:30am-8:30pm', u'Sunday:9:30am-7:30pm', u'Monday-Saturday:10:00am-9:00pm', u'Sunday:10:00am-8:00pm']
address>>>> [u'1IKEAWay', u'RoundRock,TX78665', u'Monday-Saturday:', u'10:00am-9:00pm', u'Sunday:10:00am-8:00pm', u'Monday-Saturday:', u'9:30am-8:30pm', u'Sunday:9:30am-7:30pm']
address>>>> [u'2110WestIKEAWay', u'Tempe,AZ85284', u'Monday\u2013Saturday', u'10:00am\u20139:00pm', u'Sunday', u'10:00am-8:00pm', u'Monday\u2013Saturday', u'9:30am\u20138:30pm', u'Sunday', u'9:30am-7:30pm', u'Monday\u2013Saturday', u'10:00am\u20139:00pm', u'Sunday', u'10:00am-8:00pm']
address>>>> [u'7810KatyFreeway', u'Houston,TX77024', u'Monday-Saturday:', u'10:00am-9:00pm', u'Sunday:10:00am-8:00pm', u'Easter:10:00am-6:00pm', u'July4th:10:00am-6:00pm', u'Thanksgiving:CLOSED', u'ChristmasEve:10:00am-6:00pm', u'ChristmasDay:CLOSED', u'NewYearsEve:10:00am-6:00pm', u'Monday-Saturday:9:30am-8:30pm', u'Sunday:9:30am-7:30pm']
address>>>> [u'7171IKEADrive', u'Frisco,TX75034', u'Monday-Saturday:10:00am-9:00pm', u'Sunday:10:00am-8:00pm', u'Monday-Saturday:9:30am-8:30pm', u'Sunday:9:30am-7:30pm', u'Monday-Saturday:', u'10:00am-8:00pm', u'Sunday:10:00am-7:00pm']
address>>>> [u'2206S.ColumbusBlvd.', u'Philadelphia,PA19148', u'Monday-Saturday:']
address>>>> [u'2001ParkManorBlvd.', u'RobinsonTownCentre', u'Pittsburgh,PA15205', u'1-888-888-4532', u'Monday-Saturday:', u'10:00am-9:00pm', u'Sunday:', u'10:00am-8:00pm', u'9:30am-halfhourbeforestoreclosing', u'Sunday:', u'11:00am-6:00pm', u'Monday-Friday:', u'11:00am-7:00pm', u'Saturday:', u'10:00am-8:00pm']
address>>>> []
address>>>> [u'400AlanWoodRoad', u'Conshohocken,PA19428', u"We'relocatedrightoutsideof", u'PhiladelphiainMontgomeryCounty.', u'Monday-Saturday:10:00am-9:00pm', u'Sunday:10:00am-8:00pm', u'Monday-Saturday:9:30am-8:30pm', u'Sunday:9:30am-7:30pm']
address>>>> [u'1BeardStreet', u'Brooklyn,NY11231', u'1-888-888-4532', u'10:00am-9:00pmdaily', u'9:30am-8:30pmdaily']
address>>>> []
address>>>> []
address>>>> [u'9500IKEAWay', u'WestChester,OH45069', u'Sunday-Thursday:10:00am-9:00pm', u'Friday-Saturday:10:00am-10:00pm', u'Sunday-Thursday:9:30am-8:30pm', u'Friday-Saturday:9:30am-9:30pm', u'Monday-Saturday:10:00am-9:00pm', u'Sunday-10:00am-8:00pm', u'Monday-Saturday:9:30am-8:30pm', u'Sunday:9:30am-7:30pm', u'Ourshowroomalsoopenat9:30am']
address>>>> [u'1100BroadwayMall', u'HicksvilleNY,11801', u'SummerHours:', u'10:00am-10:00pmdaily', u'\t\t', u'SummerHours:9:30am-9:30pmdaily', u'SummerHours:', u'10:00am-9:30pmdaily']
address>>>> [u'1000IKEADrive', u'Elizabeth,NJ07201', u'Monday-Saturday:', u'10:00am-9:00pm', u'Sunday10:00am-8:00pm', u'Monday-Friday:9:30am-8:00pm', u'Saturday:9:30am-8:30pm', u'Sunday:9:30am-7:30pm', u'Also,pleasecheckTwitterforBallroomupdates!']
address>>>> []
address>>>> [u'100IKEADr.', u'Paramus,NJ07652', u'Monday-Saturday:10:00am-10:00pm']
address>>>> [u'8300IKEABoulevard', u'Charlotte,NC28262', u'Monday-Friday:10:00am-9:00pm', u'Saturday:10:00am-9:00pm', u'Sunday:10:00am-9:00pm', u'Monday-Friday:9:30am-8:00pm', u'Saturday:9:30am-8:30pm', u'Sunday:9:30am-8:30pm']
address>>>> []
address>>>> [u'41640FordRoad', u'Canton,MI48187', u'Monday-Sunday:', u'10:00am-9:00pm', u'July23rd-September4th:EveryFridayandSaturdaythestorewillcloseat10pm', u'Opens30minutespriortostoreopeningandcloses30minutespriortostoreclosing', u'10:00am-7:00pm']
address>>>> [u'Monday-Saturday:', u'10:00am-9:00pm', u'Sunday:10:00am-8:00pm', u'Monday-Saturday:', u'9:30am-8:30pm', u'Sunday:9:30am-7:30pm', u'CheckouttheIKEABlog', u'Makeshoppingeasier-downloadtheIKEAApp']
address>>>> [u'8352HoneygoBlvd', u'Baltimore,MD21236', u'Mon.-Fri.10a.m.-9p.m.', u'Sat.10a.m.-10p.m.', u'Sun.10a.m.-9p.m.', u'Mon.-Fri.9:30a.m.-8:30p.m.', u'Sat.9:30a.m.-9:30p.m.', u'Sun.9:30am-8:30p.m.', u'Mon.-Fri10a.m.-9p.m.', u'Sat.10a.m.-10p.m.', u'Sun.10a.m.-9p.m.', u'*allchildrenmustbe37"to54"tall,andpottytrained']
address>>>> [u'1103N.22ndStreet', u'Tampa,FL33605', u'Monday-Saturday:', u'10:00am-9:00pm', u'Sunday:', u'10:00am-8:00pm', u'Openswithbreakfast30minutesbeforestoreopens;closes30minutesbeforestorecloses.']
address>>>> [u'1IKEAWay', u'Stoughton,MA02072', u'Sunday-Saturday10:00am-10:00pm', u'Saturday-Sunday:9:30am-9:30pm', u'Monday-Friday:', u'10:00am-7:00pm', u'Saturday:10:00am-8:00pm', u'Sunday:10:00am-6:00pm']
address>>>> [u'6000IKEAWay', u'Merriam,KS66202', u'I-35atJohnsonDrive', u'Monday-Sunday:10:00am-9:00pm', u'Everyday:9:30am-8:30pm']
address>>>> [u'1800E.McConnorParkway', u'Schaumburg,IL60173', u'IKEASchaumburgislocatedonMcConnorParkwayjust', u'northofWoodfieldMall.', u'Monday-Saturday:', u'10:00am-9:00pm', u'Sunday:10:00am-8:00pm', u'Monday-Saturday:', u'9:30am-8:30pm', u'Sunday:9:30am-7:30pm']
address>>>> [u'750E.BoughtonRoad', u'Bolingbrook,IL60440', u'Monday-Saturday:10:00am-9:00pm', u'Sunday:10:00am-8:00pm', u'Monday-Friday:', u'9:30am-8:00pm', u'Saturday:9:00am-8:00pm', u'Sunday:9:30am-7:00pm', u'Monday\u2013Friday:', u'10:00am-7:00pm', u'Saturday:10:00am-9:00pm', u'Sunday:10:00am-8:00pm']
